<?xml version="1.0" encoding="UTF-8"?>
<testsuite name="junit.FirstJUnitTest" tests="2" skipped="0" failures="0" errors="0" timestamp="2022-02-08T19:22:25" hostname="MacBook-Pro-Ilya.local" time="0.053">
  <properties/>
  <testcase name="textTest()" classname="junit.FirstJUnitTest" time="0.04"/>
  <testcase name="videoTest()" classname="junit.FirstJUnitTest" time="0.008"/>
  <system-out><![CDATA[Этот метод выполняется перед всеми тестами
    Этот метод выполняется перед каждым тестом
        Это первый тест
    Этот метод выполняется после каждого теста
    Этот метод выполняется перед каждым тестом
        Это второй тест
    Этот метод выполняется после каждого теста
Этот метод выполняется после всех тестов
]]></system-out>
  <system-err><![CDATA[]]></system-err>
</testsuite>
